<?xml version="1.0" encoding="UTF-8"?>
<!-- Generated by org.testng.reporters.JUnitReportReporter -->
<testsuite hostname="Meghas-MBP" failures="0" tests="1" name="com.testautomation.mobile.scripts.LaunchChromeBrowser" time="9.232" errors="0" timestamp="2021-05-24T11:00:29 EDT" skipped="0">
  <testcase classname="com.testautomation.mobile.scripts.LaunchChromeBrowser" name="Test1" time="9.232"/>
  <system-out/>
</testsuite> <!-- com.testautomation.mobile.scripts.LaunchChromeBrowser -->
