<?xml version="1.0" encoding="UTF-8"?>
<!-- Generated by org.testng.reporters.JUnitReportReporter -->
<testsuite hostname="Meghas-MBP" failures="0" tests="1" name="com.testautomation.mobile.scripts.PageObjectTestCase" time="35.837" errors="0" timestamp="2021-05-28T22:38:06 EDT" skipped="0">
  <testcase classname="com.testautomation.mobile.scripts.PageObjectTestCase" name="pageObjectTestCase" time="35.837"/>
  <system-out/>
</testsuite> <!-- com.testautomation.mobile.scripts.PageObjectTestCase -->
